# JRE version: Java(TM) SE Runtime Environment (8.0_101-b13) (build 1.8.0_101-b13)
# Java VM: Java HotSpot(TM) 64-Bit Server VM (25.101-b13 mixed mode windows-amd64 compressed oops)
Heap:
 PSYoungGen      total 151040K, used 21048K [0x00000000eab00000, 0x00000000f5300000, 0x0000000100000000)
  eden space 130048K, 16% used [0x00000000eab00000,0x00000000ebf8e180,0x00000000f2a00000)
  from space 20992K, 0% used [0x00000000f2a00000,0x00000000f2a00000,0x00000000f3e80000)
  to   space 20992K, 0% used [0x00000000f3e80000,0x00000000f3e80000,0x00000000f5300000)
 ParOldGen       total 107008K, used 37463K [0x00000000c0000000, 0x00000000c6880000, 0x00000000eab00000)
  object space 107008K, 35% used [0x00000000c0000000,0x00000000c2495d20,0x00000000c6880000)
 Metaspace       used 50333K, capacity 52554K, committed 52608K, reserved 1095680K
  class space    used 6818K, capacity 7292K, committed 7296K, reserved 1048576K
GC Heap History (10 events):
Event: 541.127 GC heap before
{Heap before GC invocations=23 (full 4):
 PSYoungGen      total 146944K, used 35859K [0x00000000eab00000, 0x00000000f5880000, 0x0000000100000000)
  eden space 123904K, 20% used [0x00000000eab00000,0x00000000ec43b9b0,0x00000000f2400000)
  from space 23040K, 43% used [0x00000000f3980000,0x00000000f4349608,0x00000000f5000000)
  to   space 22016K, 0% used [0x00000000f2400000,0x00000000f2400000,0x00000000f3980000)
 ParOldGen       total 107008K, used 37711K [0x00000000c0000000, 0x00000000c6880000, 0x00000000eab00000)
  object space 107008K, 35% used [0x00000000c0000000,0x00000000c24d3f78,0x00000000c6880000)
 Metaspace       used 50073K, capacity 52230K, committed 52352K, reserved 1093632K
  class space    used 6812K, capacity 7254K, committed 7296K, reserved 1048576K
Event: 541.130 GC heap after
Heap after GC invocations=23 (full 4):
 PSYoungGen      total 145920K, used 2244K [0x00000000eab00000, 0x00000000f5880000, 0x0000000100000000)
  eden space 123904K, 0% used [0x00000000eab00000,0x00000000eab00000,0x00000000f2400000)
  from space 22016K, 10% used [0x00000000f2400000,0x00000000f26313f0,0x00000000f3980000)
  to   space 22016K, 0% used [0x00000000f4300000,0x00000000f4300000,0x00000000f5880000)
 ParOldGen       total 107008K, used 37719K [0x00000000c0000000, 0x00000000c6880000, 0x00000000eab00000)
  object space 107008K, 35% used [0x00000000c0000000,0x00000000c24d5f78,0x00000000c6880000)
 Metaspace       used 50073K, capacity 52230K, committed 52352K, reserved 1093632K
  class space    used 6812K, capacity 7254K, committed 7296K, reserved 1048576K
}
Event: 541.130 GC heap before
{Heap before GC invocations=24 (full 5):
 PSYoungGen      total 145920K, used 2244K [0x00000000eab00000, 0x00000000f5880000, 0x0000000100000000)
  eden space 123904K, 0% used [0x00000000eab00000,0x00000000eab00000,0x00000000f2400000)
  from space 22016K, 10% used [0x00000000f2400000,0x00000000f26313f0,0x00000000f3980000)
  to   space 22016K, 0% used [0x00000000f4300000,0x00000000f4300000,0x00000000f5880000)
 ParOldGen       total 107008K, used 37719K [0x00000000c0000000, 0x00000000c6880000, 0x00000000eab00000)
  object space 107008K, 35% used [0x00000000c0000000,0x00000000c24d5f78,0x00000000c6880000)
 Metaspace       used 50073K, capacity 52230K, committed 52352K, reserved 1093632K
  class space    used 6812K, capacity 7254K, committed 7296K, reserved 1048576K
Event: 541.515 GC heap after
Heap after GC invocations=24 (full 5):
 PSYoungGen      total 145920K, used 0K [0x00000000eab00000, 0x00000000f5880000, 0x0000000100000000)
  eden space 123904K, 0% used [0x00000000eab00000,0x00000000eab00000,0x00000000f2400000)
  from space 22016K, 0% used [0x00000000f2400000,0x00000000f2400000,0x00000000f3980000)
  to   space 22016K, 0% used [0x00000000f4300000,0x00000000f4300000,0x00000000f5880000)
 ParOldGen       total 107008K, used 37457K [0x00000000c0000000, 0x00000000c6880000, 0x00000000eab00000)
  object space 107008K, 35% used [0x00000000c0000000,0x00000000c24947d8,0x00000000c6880000)
 Metaspace       used 50073K, capacity 52230K, committed 52352K, reserved 1093632K
  class space    used 6812K, capacity 7254K, committed 7296K, reserved 1048576K
}
Event: 657.244 GC heap before
{Heap before GC invocations=25 (full 5):
 PSYoungGen      total 145920K, used 123904K [0x00000000eab00000, 0x00000000f5880000, 0x0000000100000000)
  eden space 123904K, 100% used [0x00000000eab00000,0x00000000f2400000,0x00000000f2400000)
  from space 22016K, 0% used [0x00000000f2400000,0x00000000f2400000,0x00000000f3980000)
  to   space 22016K, 0% used [0x00000000f4300000,0x00000000f4300000,0x00000000f5880000)
 ParOldGen       total 107008K, used 37457K [0x00000000c0000000, 0x00000000c6880000, 0x00000000eab00000)
  object space 107008K, 35% used [0x00000000c0000000,0x00000000c24947d8,0x00000000c6880000)
 Metaspace       used 50281K, capacity 52524K, committed 52608K, reserved 1095680K
  class space    used 6814K, capacity 7287K, committed 7296K, reserved 1048576K
Event: 657.271 GC heap after
Heap after GC invocations=25 (full 5):
 PSYoungGen      total 146432K, used 9701K [0x00000000eab00000, 0x00000000f5300000, 0x0000000100000000)
  eden space 130048K, 0% used [0x00000000eab00000,0x00000000eab00000,0x00000000f2a00000)
  from space 16384K, 59% used [0x00000000f4300000,0x00000000f4c795f8,0x00000000f5300000)
  to   space 20992K, 0% used [0x00000000f2a00000,0x00000000f2a00000,0x00000000f3e80000)
 ParOldGen       total 107008K, used 37465K [0x00000000c0000000, 0x00000000c6880000, 0x00000000eab00000)
  object space 107008K, 35% used [0x00000000c0000000,0x00000000c24967d8,0x00000000c6880000)
 Metaspace       used 50281K, capacity 52524K, committed 52608K, reserved 1095680K
  class space    used 6814K, capacity 7287K, committed 7296K, reserved 1048576K
}
Event: 667.845 GC heap before
{Heap before GC invocations=26 (full 5):
 PSYoungGen      total 146432K, used 32201K [0x00000000eab00000, 0x00000000f5300000, 0x0000000100000000)
  eden space 130048K, 17% used [0x00000000eab00000,0x00000000ec0f8e58,0x00000000f2a00000)
  from space 16384K, 59% used [0x00000000f4300000,0x00000000f4c795f8,0x00000000f5300000)
  to   space 20992K, 0% used [0x00000000f2a00000,0x00000000f2a00000,0x00000000f3e80000)
 ParOldGen       total 107008K, used 37465K [0x00000000c0000000, 0x00000000c6880000, 0x00000000eab00000)
  object space 107008K, 35% used [0x00000000c0000000,0x00000000c24967d8,0x00000000c6880000)
 Metaspace       used 50301K, capacity 52524K, committed 52608K, reserved 1095680K
  class space    used 6816K, capacity 7287K, committed 7296K, reserved 1048576K
Event: 667.853 GC heap after
Heap after GC invocations=26 (full 5):
 PSYoungGen      total 151040K, used 2148K [0x00000000eab00000, 0x00000000f5300000, 0x0000000100000000)
  eden space 130048K, 0% used [0x00000000eab00000,0x00000000eab00000,0x00000000f2a00000)
  from space 20992K, 10% used [0x00000000f2a00000,0x00000000f2c193f0,0x00000000f3e80000)
  to   space 20992K, 0% used [0x00000000f3e80000,0x00000000f3e80000,0x00000000f5300000)
 ParOldGen       total 107008K, used 37465K [0x00000000c0000000, 0x00000000c6880000, 0x00000000eab00000)
  object space 107008K, 35% used [0x00000000c0000000,0x00000000c24967d8,0x00000000c6880000)
 Metaspace       used 50301K, capacity 52524K, committed 52608K, reserved 1095680K
  class space    used 6816K, capacity 7287K, committed 7296K, reserved 1048576K
}
Event: 667.853 GC heap before
{Heap before GC invocations=27 (full 6):
 PSYoungGen      total 151040K, used 2148K [0x00000000eab00000, 0x00000000f5300000, 0x0000000100000000)
  eden space 130048K, 0% used [0x00000000eab00000,0x00000000eab00000,0x00000000f2a00000)
  from space 20992K, 10% used [0x00000000f2a00000,0x00000000f2c193f0,0x00000000f3e80000)
  to   space 20992K, 0% used [0x00000000f3e80000,0x00000000f3e80000,0x00000000f5300000)
 ParOldGen       total 107008K, used 37465K [0x00000000c0000000, 0x00000000c6880000, 0x00000000eab00000)
  object space 107008K, 35% used [0x00000000c0000000,0x00000000c24967d8,0x00000000c6880000)
 Metaspace       used 50301K, capacity 52524K, committed 52608K, reserved 1095680K
  class space    used 6816K, capacity 7287K, committed 7296K, reserved 1048576K
Event: 668.019 GC heap after
Heap after GC invocations=27 (full 6):
 PSYoungGen      total 151040K, used 0K [0x00000000eab00000, 0x00000000f5300000, 0x0000000100000000)
  eden space 130048K, 0% used [0x00000000eab00000,0x00000000eab00000,0x00000000f2a00000)
  from space 20992K, 0% used [0x00000000f2a00000,0x00000000f2a00000,0x00000000f3e80000)
  to   space 20992K, 0% used [0x00000000f3e80000,0x00000000f3e80000,0x00000000f5300000)
 ParOldGen       total 107008K, used 37463K [0x00000000c0000000, 0x00000000c6880000, 0x00000000eab00000)
  object space 107008K, 35% used [0x00000000c0000000,0x00000000c2495d20,0x00000000c6880000)
 Metaspace       used 50301K, capacity 52524K, committed 52608K, reserved 1095680K
  class space    used 6816K, capacity 7287K, committed 7296K, reserved 1048576K
}

